# JRE version: OpenJDK Runtime Environment (8.0_212-b04) (build 1.8.0_212-release-1586-b04)
# Java VM: OpenJDK 64-Bit Server VM (25.212-b04 mixed mode windows-amd64 compressed oops)
Heap:
 PSYoungGen      total 434688K, used 171658K [0x00000000e0000000, 0x0000000100000000, 0x0000000100000000)
  eden space 342528K, 43% used [0x00000000e0000000,0x00000000e90cc7d8,0x00000000f4e80000)
  from space 92160K, 25% used [0x00000000fa600000,0x00000000fbcd6108,0x0000000100000000)
  to   space 89600K, 0% used [0x00000000f4e80000,0x00000000f4e80000,0x00000000fa600000)
 ParOldGen       total 651264K, used 101261K [0x00000000a0000000, 0x00000000c7c00000, 0x00000000e0000000)
  object space 651264K, 15% used [0x00000000a0000000,0x00000000a62e3448,0x00000000c7c00000)
 Metaspace       used 164554K, capacity 172548K, committed 173696K, reserved 1200128K
  class space    used 21489K, capacity 22963K, committed 23168K, reserved 1048576K
GC Heap History (10 events):
Event: 8027.838 GC heap before
{Heap before GC invocations=21 (full 4):
 PSYoungGen      total 453120K, used 450215K [0x00000000e0000000, 0x0000000100000000, 0x0000000100000000)
  eden space 399360K, 100% used [0x00000000e0000000,0x00000000f8600000,0x00000000f8600000)
  from space 53760K, 94% used [0x00000000fc100000,0x00000000ff2a9ee0,0x00000000ff580000)
  to   space 60416K, 0% used [0x00000000f8600000,0x00000000f8600000,0x00000000fc100000)
 ParOldGen       total 487936K, used 49364K [0x00000000a0000000, 0x00000000bdc80000, 0x00000000e0000000)
  object space 487936K, 10% used [0x00000000a0000000,0x00000000a3035258,0x00000000bdc80000)
 Metaspace       used 137578K, capacity 144850K, committed 145024K, reserved 1175552K
  class space    used 17939K, capacity 19283K, committed 19328K, reserved 1048576K
Event: 8028.047 GC heap after
Heap after GC invocations=21 (full 4):
 PSYoungGen      total 459776K, used 60396K [0x00000000e0000000, 0x0000000100000000, 0x0000000100000000)
  eden space 399360K, 0% used [0x00000000e0000000,0x00000000e0000000,0x00000000f8600000)
  from space 60416K, 99% used [0x00000000f8600000,0x00000000fc0fb058,0x00000000fc100000)
  to   space 64512K, 0% used [0x00000000fc100000,0x00000000fc100000,0x0000000100000000)
 ParOldGen       total 487936K, used 69438K [0x00000000a0000000, 0x00000000bdc80000, 0x00000000e0000000)
  object space 487936K, 14% used [0x00000000a0000000,0x00000000a43cf8b8,0x00000000bdc80000)
 Metaspace       used 137578K, capacity 144850K, committed 145024K, reserved 1175552K
  class space    used 17939K, capacity 19283K, committed 19328K, reserved 1048576K
}
Event: 8566.494 GC heap before
{Heap before GC invocations=22 (full 4):
 PSYoungGen      total 459776K, used 459756K [0x00000000e0000000, 0x0000000100000000, 0x0000000100000000)
  eden space 399360K, 100% used [0x00000000e0000000,0x00000000f8600000,0x00000000f8600000)
  from space 60416K, 99% used [0x00000000f8600000,0x00000000fc0fb058,0x00000000fc100000)
  to   space 64512K, 0% used [0x00000000fc100000,0x00000000fc100000,0x0000000100000000)
 ParOldGen       total 487936K, used 69438K [0x00000000a0000000, 0x00000000bdc80000, 0x00000000e0000000)
  object space 487936K, 14% used [0x00000000a0000000,0x00000000a43cf8b8,0x00000000bdc80000)
 Metaspace       used 152825K, capacity 160962K, committed 161152K, reserved 1189888K
  class space    used 20094K, capacity 21601K, committed 21632K, reserved 1048576K
Event: 8566.548 GC heap after
Heap after GC invocations=22 (full 4):
 PSYoungGen      total 418816K, used 64501K [0x00000000e0000000, 0x0000000100000000, 0x0000000100000000)
  eden space 354304K, 0% used [0x00000000e0000000,0x00000000e0000000,0x00000000f5a00000)
  from space 64512K, 99% used [0x00000000fc100000,0x00000000ffffd420,0x0000000100000000)
  to   space 84992K, 0% used [0x00000000f5a00000,0x00000000f5a00000,0x00000000fad00000)
 ParOldGen       total 487936K, used 72274K [0x00000000a0000000, 0x00000000bdc80000, 0x00000000e0000000)
  object space 487936K, 14% used [0x00000000a0000000,0x00000000a4694aa8,0x00000000bdc80000)
 Metaspace       used 152825K, capacity 160962K, committed 161152K, reserved 1189888K
  class space    used 20094K, capacity 21601K, committed 21632K, reserved 1048576K
}
Event: 8567.274 GC heap before
{Heap before GC invocations=23 (full 4):
 PSYoungGen      total 418816K, used 199483K [0x00000000e0000000, 0x0000000100000000, 0x0000000100000000)
  eden space 354304K, 38% used [0x00000000e0000000,0x00000000e83d19d0,0x00000000f5a00000)
  from space 64512K, 99% used [0x00000000fc100000,0x00000000ffffd420,0x0000000100000000)
  to   space 84992K, 0% used [0x00000000f5a00000,0x00000000f5a00000,0x00000000fad00000)
 ParOldGen       total 487936K, used 72274K [0x00000000a0000000, 0x00000000bdc80000, 0x00000000e0000000)
  object space 487936K, 14% used [0x00000000a0000000,0x00000000a4694aa8,0x00000000bdc80000)
 Metaspace       used 155663K, capacity 164110K, committed 164160K, reserved 1191936K
  class space    used 20463K, capacity 22007K, committed 22016K, reserved 1048576K
Event: 8567.303 GC heap after
Heap after GC invocations=23 (full 4):
 PSYoungGen      total 423424K, used 69032K [0x00000000e0000000, 0x0000000100000000, 0x0000000100000000)
  eden space 354304K, 0% used [0x00000000e0000000,0x00000000e0000000,0x00000000f5a00000)
  from space 69120K, 99% used [0x00000000f5a00000,0x00000000f9d6a170,0x00000000f9d80000)
  to   space 92160K, 0% used [0x00000000fa600000,0x00000000fa600000,0x0000000100000000)
 ParOldGen       total 487936K, used 72282K [0x00000000a0000000, 0x00000000bdc80000, 0x00000000e0000000)
  object space 487936K, 14% used [0x00000000a0000000,0x00000000a4696aa8,0x00000000bdc80000)
 Metaspace       used 155663K, capacity 164110K, committed 164160K, reserved 1191936K
  class space    used 20463K, capacity 22007K, committed 22016K, reserved 1048576K
}
Event: 8567.303 GC heap before
{Heap before GC invocations=24 (full 5):
 PSYoungGen      total 423424K, used 69032K [0x00000000e0000000, 0x0000000100000000, 0x0000000100000000)
  eden space 354304K, 0% used [0x00000000e0000000,0x00000000e0000000,0x00000000f5a00000)
  from space 69120K, 99% used [0x00000000f5a00000,0x00000000f9d6a170,0x00000000f9d80000)
  to   space 92160K, 0% used [0x00000000fa600000,0x00000000fa600000,0x0000000100000000)
 ParOldGen       total 487936K, used 72282K [0x00000000a0000000, 0x00000000bdc80000, 0x00000000e0000000)
  object space 487936K, 14% used [0x00000000a0000000,0x00000000a4696aa8,0x00000000bdc80000)
 Metaspace       used 155663K, capacity 164110K, committed 164160K, reserved 1191936K
  class space    used 20463K, capacity 22007K, committed 22016K, reserved 1048576K
Event: 8567.659 GC heap after
Heap after GC invocations=24 (full 5):
 PSYoungGen      total 423424K, used 0K [0x00000000e0000000, 0x0000000100000000, 0x0000000100000000)
  eden space 354304K, 0% used [0x00000000e0000000,0x00000000e0000000,0x00000000f5a00000)
  from space 69120K, 0% used [0x00000000f5a00000,0x00000000f5a00000,0x00000000f9d80000)
  to   space 92160K, 0% used [0x00000000fa600000,0x00000000fa600000,0x0000000100000000)
 ParOldGen       total 651264K, used 101253K [0x00000000a0000000, 0x00000000c7c00000, 0x00000000e0000000)
  object space 651264K, 15% used [0x00000000a0000000,0x00000000a62e1448,0x00000000c7c00000)
 Metaspace       used 153668K, capacity 159982K, committed 164160K, reserved 1191936K
  class space    used 20045K, capacity 21244K, committed 22016K, reserved 1048576K
}
Event: 15412.377 GC heap before
{Heap before GC invocations=25 (full 5):
 PSYoungGen      total 423424K, used 354304K [0x00000000e0000000, 0x0000000100000000, 0x0000000100000000)
  eden space 354304K, 100% used [0x00000000e0000000,0x00000000f5a00000,0x00000000f5a00000)
  from space 69120K, 0% used [0x00000000f5a00000,0x00000000f5a00000,0x00000000f9d80000)
  to   space 92160K, 0% used [0x00000000fa600000,0x00000000fa600000,0x0000000100000000)
 ParOldGen       total 651264K, used 101253K [0x00000000a0000000, 0x00000000c7c00000, 0x00000000e0000000)
  object space 651264K, 15% used [0x00000000a0000000,0x00000000a62e1448,0x00000000c7c00000)
 Metaspace       used 164396K, capacity 172408K, committed 173440K, reserved 1200128K
  class space    used 21488K, capacity 22961K, committed 23168K, reserved 1048576K
Event: 15412.512 GC heap after
Heap after GC invocations=25 (full 5):
 PSYoungGen      total 434688K, used 23384K [0x00000000e0000000, 0x0000000100000000, 0x0000000100000000)
  eden space 342528K, 0% used [0x00000000e0000000,0x00000000e0000000,0x00000000f4e80000)
  from space 92160K, 25% used [0x00000000fa600000,0x00000000fbcd6108,0x0000000100000000)
  to   space 89600K, 0% used [0x00000000f4e80000,0x00000000f4e80000,0x00000000fa600000)
 ParOldGen       total 651264K, used 101261K [0x00000000a0000000, 0x00000000c7c00000, 0x00000000e0000000)
  object space 651264K, 15% used [0x00000000a0000000,0x00000000a62e3448,0x00000000c7c00000)
 Metaspace       used 164396K, capacity 172408K, committed 173440K, reserved 1200128K
  class space    used 21488K, capacity 22961K, committed 23168K, reserved 1048576K
}

